Requirement already satisfied: pytest in /home/jules/.pyenv/versions/3.12.13/lib/python3.12/site-packages (from -r requirements.txt (line 1)) (9.0.2)
Collecting librosa (from -r requirements.txt (line 2))
  Downloading librosa-0.11.0-py3-none-any.whl.metadata (8.7 kB)
Requirement already satisfied: numpy in /home/jules/.pyenv/versions/3.12.13/lib/python3.12/site-packages (from -r requirements.txt (line 3)) (2.4.4)
Collecting praat-parselmouth (from -r requirements.txt (line 4))
  Downloading praat_parselmouth-0.4.7-cp312-cp312-manylinux2014_x86_64.manylinux_2_17_x86_64.whl.metadata (2.9 kB)
Collecting g2pk (from -r requirements.txt (line 5))
  Downloading g2pK-0.9.4-py3-none-any.whl.metadata (7.5 kB)
Requirement already satisfied: scipy in /home/jules/.pyenv/versions/3.12.13/lib/python3.12/site-packages (from -r requirements.txt (line 6)) (1.17.1)
Collecting pydub (from -r requirements.txt (line 7))
  Downloading pydub-0.25.1-py2.py3-none-any.whl.metadata (1.4 kB)
Requirement already satisfied: whisperx in /home/jules/.pyenv/versions/3.12.13/lib/python3.12/site-packages (from -r requirements.txt (line 8)) (3.8.5)
Requirement already satisfied: torch in /home/jules/.pyenv/versions/3.12.13/lib/python3.12/site-packages (from -r requirements.txt (line 9)) (2.8.0)
Requirement already satisfied: iniconfig>=1.0.1 in /home/jules/.pyenv/versions/3.12.13/lib/python3.12/site-packages (from pytest->-r requirements.txt (line 1)) (2.3.0)
Requirement already satisfied: packaging>=22 in /home/jules/.pyenv/versions/3.12.13/lib/python3.12/site-packages (from pytest->-r requirements.txt (line 1)) (26.0)
Requirement already satisfied: pluggy<2,>=1.5 in /home/jules/.pyenv/versions/3.12.13/lib/python3.12/site-packages (from pytest->-r requirements.txt (line 1)) (1.6.0)
Requirement already satisfied: pygments>=2.7.2 in /home/jules/.pyenv/versions/3.12.13/lib/python3.12/site-packages (from pytest->-r requirements.txt (line 1)) (2.20.0)
Collecting audioread>=2.1.9 (from librosa->-r requirements.txt (line 2))
  Downloading audioread-3.1.0-py3-none-any.whl.metadata (9.0 kB)
Collecting numba>=0.51.0 (from librosa->-r requirements.txt (line 2))
  Downloading numba-0.65.0-cp312-cp312-manylinux2014_x86_64.manylinux_2_17_x86_64.whl.metadata (2.9 kB)
Requirement already satisfied: scikit-learn>=1.1.0 in /home/jules/.pyenv/versions/3.12.13/lib/python3.12/site-packages (from librosa->-r requirements.txt (line 2)) (1.8.0)
Requirement already satisfied: joblib>=1.0 in /home/jules/.pyenv/versions/3.12.13/lib/python3.12/site-packages (from librosa->-r requirements.txt (line 2)) (1.5.3)
Collecting decorator>=4.3.0 (from librosa->-r requirements.txt (line 2))
  Downloading decorator-5.2.1-py3-none-any.whl.metadata (3.9 kB)
Collecting soundfile>=0.12.1 (from librosa->-r requirements.txt (line 2))
  Downloading soundfile-0.13.1-py2.py3-none-manylinux_2_28_x86_64.whl.metadata (16 kB)
Collecting pooch>=1.1 (from librosa->-r requirements.txt (line 2))
  Downloading pooch-1.9.0-py3-none-any.whl.metadata (10 kB)
Collecting soxr>=0.3.2 (from librosa->-r requirements.txt (line 2))
  Downloading soxr-1.0.0-cp312-abi3-manylinux_2_27_x86_64.manylinux_2_28_x86_64.whl.metadata (5.6 kB)
Requirement already satisfied: typing_extensions>=4.1.1 in /home/jules/.pyenv/versions/3.12.13/lib/python3.12/site-packages (from librosa->-r requirements.txt (line 2)) (4.15.0)
Collecting lazy_loader>=0.1 (from librosa->-r requirements.txt (line 2))
  Downloading lazy_loader-0.5-py3-none-any.whl.metadata (5.9 kB)
Collecting msgpack>=1.0 (from librosa->-r requirements.txt (line 2))
  Using cached msgpack-1.1.2-cp312-cp312-manylinux2014_x86_64.manylinux_2_17_x86_64.manylinux_2_28_x86_64.whl.metadata (8.1 kB)
Collecting jamo (from g2pk->-r requirements.txt (line 5))
  Downloading jamo-0.4.1-py3-none-any.whl.metadata (2.3 kB)
Requirement already satisfied: nltk in /home/jules/.pyenv/versions/3.12.13/lib/python3.12/site-packages (from g2pk->-r requirements.txt (line 5)) (3.9.4)
Collecting konlpy (from g2pk->-r requirements.txt (line 5))
  Downloading konlpy-0.6.0-py2.py3-none-any.whl.metadata (1.9 kB)
Collecting python-mecab-ko (from g2pk->-r requirements.txt (line 5))
  Downloading python_mecab_ko-1.3.7-cp312-cp312-manylinux_2_17_x86_64.manylinux2014_x86_64.whl.metadata (3.4 kB)
Requirement already satisfied: ctranslate2>=4.5.0 in /home/jules/.pyenv/versions/3.12.13/lib/python3.12/site-packages (from whisperx->-r requirements.txt (line 8)) (4.7.1)
Requirement already satisfied: faster-whisper>=1.2.0 in /home/jules/.pyenv/versions/3.12.13/lib/python3.12/site-packages (from whisperx->-r requirements.txt (line 8)) (1.2.1)
Requirement already satisfied: omegaconf>=2.3.0 in /home/jules/.pyenv/versions/3.12.13/lib/python3.12/site-packages (from whisperx->-r requirements.txt (line 8)) (2.3.0)
Requirement already satisfied: pandas>=2.2.3 in /home/jules/.pyenv/versions/3.12.13/lib/python3.12/site-packages (from whisperx->-r requirements.txt (line 8)) (3.0.2)
Requirement already satisfied: pyannote-audio>=4.0.0 in /home/jules/.pyenv/versions/3.12.13/lib/python3.12/site-packages (from whisperx->-r requirements.txt (line 8)) (4.0.4)
Requirement already satisfied: huggingface-hub<1.0.0 in /home/jules/.pyenv/versions/3.12.13/lib/python3.12/site-packages (from whisperx->-r requirements.txt (line 8)) (0.36.2)
Requirement already satisfied: torchaudio~=2.8.0 in /home/jules/.pyenv/versions/3.12.13/lib/python3.12/site-packages (from whisperx->-r requirements.txt (line 8)) (2.8.0)
Requirement already satisfied: torchvision~=0.23.0 in /home/jules/.pyenv/versions/3.12.13/lib/python3.12/site-packages (from whisperx->-r requirements.txt (line 8)) (0.23.0)
Requirement already satisfied: torchcodec<0.8.0,>=0.6.0 in /home/jules/.pyenv/versions/3.12.13/lib/python3.12/site-packages (from whisperx->-r requirements.txt (line 8)) (0.7.0)
Requirement already satisfied: transformers>=4.48.0 in /home/jules/.pyenv/versions/3.12.13/lib/python3.12/site-packages (from whisperx->-r requirements.txt (line 8)) (4.57.6)
Requirement already satisfied: triton>=3.3.0 in /home/jules/.pyenv/versions/3.12.13/lib/python3.12/site-packages (from whisperx->-r requirements.txt (line 8)) (3.4.0)
Requirement already satisfied: filelock in /home/jules/.pyenv/versions/3.12.13/lib/python3.12/site-packages (from torch->-r requirements.txt (line 9)) (3.25.2)
Requirement already satisfied: setuptools in /home/jules/.pyenv/versions/3.12.13/lib/python3.12/site-packages (from torch->-r requirements.txt (line 9)) (82.0.1)
Requirement already satisfied: sympy>=1.13.3 in /home/jules/.pyenv/versions/3.12.13/lib/python3.12/site-packages (from torch->-r requirements.txt (line 9)) (1.14.0)
Requirement already satisfied: networkx in /home/jules/.pyenv/versions/3.12.13/lib/python3.12/site-packages (from torch->-r requirements.txt (line 9)) (3.6.1)
Requirement already satisfied: jinja2 in /home/jules/.pyenv/versions/3.12.13/lib/python3.12/site-packages (from torch->-r requirements.txt (line 9)) (3.1.6)
Requirement already satisfied: fsspec in /home/jules/.pyenv/versions/3.12.13/lib/python3.12/site-packages (from torch->-r requirements.txt (line 9)) (2026.3.0)
Requirement already satisfied: nvidia-cuda-nvrtc-cu12==12.8.93 in /home/jules/.pyenv/versions/3.12.13/lib/python3.12/site-packages (from torch->-r requirements.txt (line 9)) (12.8.93)
Requirement already satisfied: nvidia-cuda-runtime-cu12==12.8.90 in /home/jules/.pyenv/versions/3.12.13/lib/python3.12/site-packages (from torch->-r requirements.txt (line 9)) (12.8.90)
Requirement already satisfied: nvidia-cuda-cupti-cu12==12.8.90 in /home/jules/.pyenv/versions/3.12.13/lib/python3.12/site-packages (from torch->-r requirements.txt (line 9)) (12.8.90)
Requirement already satisfied: nvidia-cudnn-cu12==9.10.2.21 in /home/jules/.pyenv/versions/3.12.13/lib/python3.12/site-packages (from torch->-r requirements.txt (line 9)) (9.10.2.21)
Requirement already satisfied: nvidia-cublas-cu12==12.8.4.1 in /home/jules/.pyenv/versions/3.12.13/lib/python3.12/site-packages (from torch->-r requirements.txt (line 9)) (12.8.4.1)
Requirement already satisfied: nvidia-cufft-cu12==11.3.3.83 in /home/jules/.pyenv/versions/3.12.13/lib/python3.12/site-packages (from torch->-r requirements.txt (line 9)) (11.3.3.83)
Requirement already satisfied: nvidia-curand-cu12==10.3.9.90 in /home/jules/.pyenv/versions/3.12.13/lib/python3.12/site-packages (from torch->-r requirements.txt (line 9)) (10.3.9.90)
Requirement already satisfied: nvidia-cusolver-cu12==11.7.3.90 in /home/jules/.pyenv/versions/3.12.13/lib/python3.12/site-packages (from torch->-r requirements.txt (line 9)) (11.7.3.90)
Requirement already satisfied: nvidia-cusparse-cu12==12.5.8.93 in /home/jules/.pyenv/versions/3.12.13/lib/python3.12/site-packages (from torch->-r requirements.txt (line 9)) (12.5.8.93)
Requirement already satisfied: nvidia-cusparselt-cu12==0.7.1 in /home/jules/.pyenv/versions/3.12.13/lib/python3.12/site-packages (from torch->-r requirements.txt (line 9)) (0.7.1)
Requirement already satisfied: nvidia-nccl-cu12==2.27.3 in /home/jules/.pyenv/versions/3.12.13/lib/python3.12/site-packages (from torch->-r requirements.txt (line 9)) (2.27.3)
Requirement already satisfied: nvidia-nvtx-cu12==12.8.90 in /home/jules/.pyenv/versions/3.12.13/lib/python3.12/site-packages (from torch->-r requirements.txt (line 9)) (12.8.90)
Requirement already satisfied: nvidia-nvjitlink-cu12==12.8.93 in /home/jules/.pyenv/versions/3.12.13/lib/python3.12/site-packages (from torch->-r requirements.txt (line 9)) (12.8.93)
Requirement already satisfied: nvidia-cufile-cu12==1.13.1.3 in /home/jules/.pyenv/versions/3.12.13/lib/python3.12/site-packages (from torch->-r requirements.txt (line 9)) (1.13.1.3)
Requirement already satisfied: hf-xet<2.0.0,>=1.1.3 in /home/jules/.pyenv/versions/3.12.13/lib/python3.12/site-packages (from huggingface-hub<1.0.0->whisperx->-r requirements.txt (line 8)) (1.4.3)
Requirement already satisfied: pyyaml>=5.1 in /home/jules/.pyenv/versions/3.12.13/lib/python3.12/site-packages (from huggingface-hub<1.0.0->whisperx->-r requirements.txt (line 8)) (6.0.3)
Requirement already satisfied: requests in /home/jules/.pyenv/versions/3.12.13/lib/python3.12/site-packages (from huggingface-hub<1.0.0->whisperx->-r requirements.txt (line 8)) (2.33.1)
Requirement already satisfied: tqdm>=4.42.1 in /home/jules/.pyenv/versions/3.12.13/lib/python3.12/site-packages (from huggingface-hub<1.0.0->whisperx->-r requirements.txt (line 8)) (4.67.3)
Requirement already satisfied: pillow!=8.3.*,>=5.3.0 in /home/jules/.pyenv/versions/3.12.13/lib/python3.12/site-packages (from torchvision~=0.23.0->whisperx->-r requirements.txt (line 8)) (12.2.0)
Requirement already satisfied: tokenizers<1,>=0.13 in /home/jules/.pyenv/versions/3.12.13/lib/python3.12/site-packages (from faster-whisper>=1.2.0->whisperx->-r requirements.txt (line 8)) (0.22.2)
Requirement already satisfied: onnxruntime<2,>=1.14 in /home/jules/.pyenv/versions/3.12.13/lib/python3.12/site-packages (from faster-whisper>=1.2.0->whisperx->-r requirements.txt (line 8)) (1.24.4)
Requirement already satisfied: av>=11 in /home/jules/.pyenv/versions/3.12.13/lib/python3.12/site-packages (from faster-whisper>=1.2.0->whisperx->-r requirements.txt (line 8)) (17.0.0)
Requirement already satisfied: flatbuffers in /home/jules/.pyenv/versions/3.12.13/lib/python3.12/site-packages (from onnxruntime<2,>=1.14->faster-whisper>=1.2.0->whisperx->-r requirements.txt (line 8)) (25.12.19)
Requirement already satisfied: protobuf in /home/jules/.pyenv/versions/3.12.13/lib/python3.12/site-packages (from onnxruntime<2,>=1.14->faster-whisper>=1.2.0->whisperx->-r requirements.txt (line 8)) (6.33.6)
Requirement already satisfied: click in /home/jules/.pyenv/versions/3.12.13/lib/python3.12/site-packages (from nltk->g2pk->-r requirements.txt (line 5)) (8.3.1)
Requirement already satisfied: regex>=2021.8.3 in /home/jules/.pyenv/versions/3.12.13/lib/python3.12/site-packages (from nltk->g2pk->-r requirements.txt (line 5)) (2026.3.32)
Collecting llvmlite<0.48,>=0.47.0dev0 (from numba>=0.51.0->librosa->-r requirements.txt (line 2))
  Downloading llvmlite-0.47.0-cp312-cp312-manylinux2014_x86_64.manylinux_2_17_x86_64.whl.metadata (5.0 kB)
Requirement already satisfied: antlr4-python3-runtime==4.9.* in /home/jules/.pyenv/versions/3.12.13/lib/python3.12/site-packages (from omegaconf>=2.3.0->whisperx->-r requirements.txt (line 8)) (4.9.3)
Requirement already satisfied: python-dateutil>=2.8.2 in /home/jules/.pyenv/versions/3.12.13/lib/python3.12/site-packages (from pandas>=2.2.3->whisperx->-r requirements.txt (line 8)) (2.9.0.post0)
Collecting platformdirs>=2.5.0 (from pooch>=1.1->librosa->-r requirements.txt (line 2))
  Using cached platformdirs-4.9.4-py3-none-any.whl.metadata (4.7 kB)
Requirement already satisfied: asteroid-filterbanks>=0.4.0 in /home/jules/.pyenv/versions/3.12.13/lib/python3.12/site-packages (from pyannote-audio>=4.0.0->whisperx->-r requirements.txt (line 8)) (0.4.0)
Requirement already satisfied: einops>=0.8.1 in /home/jules/.pyenv/versions/3.12.13/lib/python3.12/site-packages (from pyannote-audio>=4.0.0->whisperx->-r requirements.txt (line 8)) (0.8.2)
Requirement already satisfied: lightning>=2.4 in /home/jules/.pyenv/versions/3.12.13/lib/python3.12/site-packages (from pyannote-audio>=4.0.0->whisperx->-r requirements.txt (line 8)) (2.6.1)
Requirement already satisfied: matplotlib>=3.10.0 in /home/jules/.pyenv/versions/3.12.13/lib/python3.12/site-packages (from pyannote-audio>=4.0.0->whisperx->-r requirements.txt (line 8)) (3.10.8)
Requirement already satisfied: opentelemetry-api>=1.34.0 in /home/jules/.pyenv/versions/3.12.13/lib/python3.12/site-packages (from pyannote-audio>=4.0.0->whisperx->-r requirements.txt (line 8)) (1.40.0)
Requirement already satisfied: opentelemetry-exporter-otlp>=1.34.0 in /home/jules/.pyenv/versions/3.12.13/lib/python3.12/site-packages (from pyannote-audio>=4.0.0->whisperx->-r requirements.txt (line 8)) (1.40.0)
Requirement already satisfied: opentelemetry-sdk>=1.34.0 in /home/jules/.pyenv/versions/3.12.13/lib/python3.12/site-packages (from pyannote-audio>=4.0.0->whisperx->-r requirements.txt (line 8)) (1.40.0)
Requirement already satisfied: pyannote-core>=6.0.1 in /home/jules/.pyenv/versions/3.12.13/lib/python3.12/site-packages (from pyannote-audio>=4.0.0->whisperx->-r requirements.txt (line 8)) (6.0.1)
Requirement already satisfied: pyannote-database>=6.1.1 in /home/jules/.pyenv/versions/3.12.13/lib/python3.12/site-packages (from pyannote-audio>=4.0.0->whisperx->-r requirements.txt (line 8)) (6.1.1)
Requirement already satisfied: pyannote-metrics>=4.0.0 in /home/jules/.pyenv/versions/3.12.13/lib/python3.12/site-packages (from pyannote-audio>=4.0.0->whisperx->-r requirements.txt (line 8)) (4.0.0)
Requirement already satisfied: pyannote-pipeline>=4.0.0 in /home/jules/.pyenv/versions/3.12.13/lib/python3.12/site-packages (from pyannote-audio>=4.0.0->whisperx->-r requirements.txt (line 8)) (4.0.0)
Requirement already satisfied: pyannoteai-sdk>=0.3.0 in /home/jules/.pyenv/versions/3.12.13/lib/python3.12/site-packages (from pyannote-audio>=4.0.0->whisperx->-r requirements.txt (line 8)) (0.4.0)
Requirement already satisfied: pytorch-metric-learning>=2.8.1 in /home/jules/.pyenv/versions/3.12.13/lib/python3.12/site-packages (from pyannote-audio>=4.0.0->whisperx->-r requirements.txt (line 8)) (2.9.0)
Requirement already satisfied: rich>=13.9.4 in /home/jules/.pyenv/versions/3.12.13/lib/python3.12/site-packages (from pyannote-audio>=4.0.0->whisperx->-r requirements.txt (line 8)) (14.3.3)
Requirement already satisfied: safetensors>=0.5.2 in /home/jules/.pyenv/versions/3.12.13/lib/python3.12/site-packages (from pyannote-audio>=4.0.0->whisperx->-r requirements.txt (line 8)) (0.7.0)
Requirement already satisfied: torch-audiomentations>=0.12.0 in /home/jules/.pyenv/versions/3.12.13/lib/python3.12/site-packages (from pyannote-audio>=4.0.0->whisperx->-r requirements.txt (line 8)) (0.12.0)
Requirement already satisfied: torchmetrics>=1.6.1 in /home/jules/.pyenv/versions/3.12.13/lib/python3.12/site-packages (from pyannote-audio>=4.0.0->whisperx->-r requirements.txt (line 8)) (1.9.0)
Requirement already satisfied: lightning-utilities<2.0,>=0.10.0 in /home/jules/.pyenv/versions/3.12.13/lib/python3.12/site-packages (from lightning>=2.4->pyannote-audio>=4.0.0->whisperx->-r requirements.txt (line 8)) (0.15.3)
Requirement already satisfied: pytorch-lightning in /home/jules/.pyenv/versions/3.12.13/lib/python3.12/site-packages (from lightning>=2.4->pyannote-audio>=4.0.0->whisperx->-r requirements.txt (line 8)) (2.6.1)
Requirement already satisfied: aiohttp!=4.0.0a0,!=4.0.0a1 in /home/jules/.pyenv/versions/3.12.13/lib/python3.12/site-packages (from fsspec[http]<2028.0,>=2022.5.0->lightning>=2.4->pyannote-audio>=4.0.0->whisperx->-r requirements.txt (line 8)) (3.13.5)
Requirement already satisfied: aiohappyeyeballs>=2.5.0 in /home/jules/.pyenv/versions/3.12.13/lib/python3.12/site-packages (from aiohttp!=4.0.0a0,!=4.0.0a1->fsspec[http]<2028.0,>=2022.5.0->lightning>=2.4->pyannote-audio>=4.0.0->whisperx->-r requirements.txt (line 8)) (2.6.1)
Requirement already satisfied: aiosignal>=1.4.0 in /home/jules/.pyenv/versions/3.12.13/lib/python3.12/site-packages (from aiohttp!=4.0.0a0,!=4.0.0a1->fsspec[http]<2028.0,>=2022.5.0->lightning>=2.4->pyannote-audio>=4.0.0->whisperx->-r requirements.txt (line 8)) (1.4.0)
Requirement already satisfied: attrs>=17.3.0 in /home/jules/.pyenv/versions/3.12.13/lib/python3.12/site-packages (from aiohttp!=4.0.0a0,!=4.0.0a1->fsspec[http]<2028.0,>=2022.5.0->lightning>=2.4->pyannote-audio>=4.0.0->whisperx->-r requirements.txt (line 8)) (26.1.0)
Requirement already satisfied: frozenlist>=1.1.1 in /home/jules/.pyenv/versions/3.12.13/lib/python3.12/site-packages (from aiohttp!=4.0.0a0,!=4.0.0a1->fsspec[http]<2028.0,>=2022.5.0->lightning>=2.4->pyannote-audio>=4.0.0->whisperx->-r requirements.txt (line 8)) (1.8.0)
Requirement already satisfied: multidict<7.0,>=4.5 in /home/jules/.pyenv/versions/3.12.13/lib/python3.12/site-packages (from aiohttp!=4.0.0a0,!=4.0.0a1->fsspec[http]<2028.0,>=2022.5.0->lightning>=2.4->pyannote-audio>=4.0.0->whisperx->-r requirements.txt (line 8)) (6.7.1)
Requirement already satisfied: propcache>=0.2.0 in /home/jules/.pyenv/versions/3.12.13/lib/python3.12/site-packages (from aiohttp!=4.0.0a0,!=4.0.0a1->fsspec[http]<2028.0,>=2022.5.0->lightning>=2.4->pyannote-audio>=4.0.0->whisperx->-r requirements.txt (line 8)) (0.4.1)
Requirement already satisfied: yarl<2.0,>=1.17.0 in /home/jules/.pyenv/versions/3.12.13/lib/python3.12/site-packages (from aiohttp!=4.0.0a0,!=4.0.0a1->fsspec[http]<2028.0,>=2022.5.0->lightning>=2.4->pyannote-audio>=4.0.0->whisperx->-r requirements.txt (line 8)) (1.23.0)
Requirement already satisfied: idna>=2.0 in /home/jules/.pyenv/versions/3.12.13/lib/python3.12/site-packages (from yarl<2.0,>=1.17.0->aiohttp!=4.0.0a0,!=4.0.0a1->fsspec[http]<2028.0,>=2022.5.0->lightning>=2.4->pyannote-audio>=4.0.0->whisperx->-r requirements.txt (line 8)) (3.11)
Requirement already satisfied: contourpy>=1.0.1 in /home/jules/.pyenv/versions/3.12.13/lib/python3.12/site-packages (from matplotlib>=3.10.0->pyannote-audio>=4.0.0->whisperx->-r requirements.txt (line 8)) (1.3.3)
Requirement already satisfied: cycler>=0.10 in /home/jules/.pyenv/versions/3.12.13/lib/python3.12/site-packages (from matplotlib>=3.10.0->pyannote-audio>=4.0.0->whisperx->-r requirements.txt (line 8)) (0.12.1)
Requirement already satisfied: fonttools>=4.22.0 in /home/jules/.pyenv/versions/3.12.13/lib/python3.12/site-packages (from matplotlib>=3.10.0->pyannote-audio>=4.0.0->whisperx->-r requirements.txt (line 8)) (4.62.1)
Requirement already satisfied: kiwisolver>=1.3.1 in /home/jules/.pyenv/versions/3.12.13/lib/python3.12/site-packages (from matplotlib>=3.10.0->pyannote-audio>=4.0.0->whisperx->-r requirements.txt (line 8)) (1.5.0)
Requirement already satisfied: pyparsing>=3 in /home/jules/.pyenv/versions/3.12.13/lib/python3.12/site-packages (from matplotlib>=3.10.0->pyannote-audio>=4.0.0->whisperx->-r requirements.txt (line 8)) (3.3.2)
Requirement already satisfied: importlib-metadata<8.8.0,>=6.0 in /home/jules/.pyenv/versions/3.12.13/lib/python3.12/site-packages (from opentelemetry-api>=1.34.0->pyannote-audio>=4.0.0->whisperx->-r requirements.txt (line 8)) (8.7.1)
Requirement already satisfied: zipp>=3.20 in /home/jules/.pyenv/versions/3.12.13/lib/python3.12/site-packages (from importlib-metadata<8.8.0,>=6.0->opentelemetry-api>=1.34.0->pyannote-audio>=4.0.0->whisperx->-r requirements.txt (line 8)) (3.23.0)
Requirement already satisfied: opentelemetry-exporter-otlp-proto-grpc==1.40.0 in /home/jules/.pyenv/versions/3.12.13/lib/python3.12/site-packages (from opentelemetry-exporter-otlp>=1.34.0->pyannote-audio>=4.0.0->whisperx->-r requirements.txt (line 8)) (1.40.0)
Requirement already satisfied: opentelemetry-exporter-otlp-proto-http==1.40.0 in /home/jules/.pyenv/versions/3.12.13/lib/python3.12/site-packages (from opentelemetry-exporter-otlp>=1.34.0->pyannote-audio>=4.0.0->whisperx->-r requirements.txt (line 8)) (1.40.0)
Requirement already satisfied: googleapis-common-protos~=1.57 in /home/jules/.pyenv/versions/3.12.13/lib/python3.12/site-packages (from opentelemetry-exporter-otlp-proto-grpc==1.40.0->opentelemetry-exporter-otlp>=1.34.0->pyannote-audio>=4.0.0->whisperx->-r requirements.txt (line 8)) (1.73.1)
Requirement already satisfied: grpcio<2.0.0,>=1.63.2 in /home/jules/.pyenv/versions/3.12.13/lib/python3.12/site-packages (from opentelemetry-exporter-otlp-proto-grpc==1.40.0->opentelemetry-exporter-otlp>=1.34.0->pyannote-audio>=4.0.0->whisperx->-r requirements.txt (line 8)) (1.80.0)
Requirement already satisfied: opentelemetry-exporter-otlp-proto-common==1.40.0 in /home/jules/.pyenv/versions/3.12.13/lib/python3.12/site-packages (from opentelemetry-exporter-otlp-proto-grpc==1.40.0->opentelemetry-exporter-otlp>=1.34.0->pyannote-audio>=4.0.0->whisperx->-r requirements.txt (line 8)) (1.40.0)
Requirement already satisfied: opentelemetry-proto==1.40.0 in /home/jules/.pyenv/versions/3.12.13/lib/python3.12/site-packages (from opentelemetry-exporter-otlp-proto-grpc==1.40.0->opentelemetry-exporter-otlp>=1.34.0->pyannote-audio>=4.0.0->whisperx->-r requirements.txt (line 8)) (1.40.0)
Requirement already satisfied: opentelemetry-semantic-conventions==0.61b0 in /home/jules/.pyenv/versions/3.12.13/lib/python3.12/site-packages (from opentelemetry-sdk>=1.34.0->pyannote-audio>=4.0.0->whisperx->-r requirements.txt (line 8)) (0.61b0)
Requirement already satisfied: charset_normalizer<4,>=2 in /home/jules/.pyenv/versions/3.12.13/lib/python3.12/site-packages (from requests->huggingface-hub<1.0.0->whisperx->-r requirements.txt (line 8)) (3.4.6)
Requirement already satisfied: urllib3<3,>=1.26 in /home/jules/.pyenv/versions/3.12.13/lib/python3.12/site-packages (from requests->huggingface-hub<1.0.0->whisperx->-r requirements.txt (line 8)) (2.6.3)
Requirement already satisfied: certifi>=2023.5.7 in /home/jules/.pyenv/versions/3.12.13/lib/python3.12/site-packages (from requests->huggingface-hub<1.0.0->whisperx->-r requirements.txt (line 8)) (2026.2.25)
Requirement already satisfied: sortedcontainers>=2.4.0 in /home/jules/.pyenv/versions/3.12.13/lib/python3.12/site-packages (from pyannote-core>=6.0.1->pyannote-audio>=4.0.0->whisperx->-r requirements.txt (line 8)) (2.4.0)
Requirement already satisfied: optuna>=4.2.0 in /home/jules/.pyenv/versions/3.12.13/lib/python3.12/site-packages (from pyannote-pipeline>=4.0.0->pyannote-audio>=4.0.0->whisperx->-r requirements.txt (line 8)) (4.8.0)
Requirement already satisfied: alembic>=1.5.0 in /home/jules/.pyenv/versions/3.12.13/lib/python3.12/site-packages (from optuna>=4.2.0->pyannote-pipeline>=4.0.0->pyannote-audio>=4.0.0->whisperx->-r requirements.txt (line 8)) (1.18.4)
Requirement already satisfied: colorlog in /home/jules/.pyenv/versions/3.12.13/lib/python3.12/site-packages (from optuna>=4.2.0->pyannote-pipeline>=4.0.0->pyannote-audio>=4.0.0->whisperx->-r requirements.txt (line 8)) (6.10.1)
Requirement already satisfied: sqlalchemy>=1.4.2 in /home/jules/.pyenv/versions/3.12.13/lib/python3.12/site-packages (from optuna>=4.2.0->pyannote-pipeline>=4.0.0->pyannote-audio>=4.0.0->whisperx->-r requirements.txt (line 8)) (2.0.48)
Requirement already satisfied: Mako in /home/jules/.pyenv/versions/3.12.13/lib/python3.12/site-packages (from alembic>=1.5.0->optuna>=4.2.0->pyannote-pipeline>=4.0.0->pyannote-audio>=4.0.0->whisperx->-r requirements.txt (line 8)) (1.3.10)
Requirement already satisfied: six>=1.5 in /home/jules/.pyenv/versions/3.12.13/lib/python3.12/site-packages (from python-dateutil>=2.8.2->pandas>=2.2.3->whisperx->-r requirements.txt (line 8)) (1.17.0)
Requirement already satisfied: markdown-it-py>=2.2.0 in /home/jules/.pyenv/versions/3.12.13/lib/python3.12/site-packages (from rich>=13.9.4->pyannote-audio>=4.0.0->whisperx->-r requirements.txt (line 8)) (4.0.0)
Requirement already satisfied: mdurl~=0.1 in /home/jules/.pyenv/versions/3.12.13/lib/python3.12/site-packages (from markdown-it-py>=2.2.0->rich>=13.9.4->pyannote-audio>=4.0.0->whisperx->-r requirements.txt (line 8)) (0.1.2)
Requirement already satisfied: threadpoolctl>=3.2.0 in /home/jules/.pyenv/versions/3.12.13/lib/python3.12/site-packages (from scikit-learn>=1.1.0->librosa->-r requirements.txt (line 2)) (3.6.0)
Collecting cffi>=1.0 (from soundfile>=0.12.1->librosa->-r requirements.txt (line 2))
  Using cached cffi-2.0.0-cp312-cp312-manylinux2014_x86_64.manylinux_2_17_x86_64.whl.metadata (2.6 kB)
Collecting pycparser (from cffi>=1.0->soundfile>=0.12.1->librosa->-r requirements.txt (line 2))
  Using cached pycparser-3.0-py3-none-any.whl.metadata (8.2 kB)
Requirement already satisfied: greenlet>=1 in /home/jules/.pyenv/versions/3.12.13/lib/python3.12/site-packages (from sqlalchemy>=1.4.2->optuna>=4.2.0->pyannote-pipeline>=4.0.0->pyannote-audio>=4.0.0->whisperx->-r requirements.txt (line 8)) (3.3.2)
Requirement already satisfied: mpmath<1.4,>=1.1.0 in /home/jules/.pyenv/versions/3.12.13/lib/python3.12/site-packages (from sympy>=1.13.3->torch->-r requirements.txt (line 9)) (1.3.0)
Requirement already satisfied: julius<0.3,>=0.2.3 in /home/jules/.pyenv/versions/3.12.13/lib/python3.12/site-packages (from torch-audiomentations>=0.12.0->pyannote-audio>=4.0.0->whisperx->-r requirements.txt (line 8)) (0.2.7)
Requirement already satisfied: torch-pitch-shift>=1.2.2 in /home/jules/.pyenv/versions/3.12.13/lib/python3.12/site-packages (from torch-audiomentations>=0.12.0->pyannote-audio>=4.0.0->whisperx->-r requirements.txt (line 8)) (1.2.5)
Requirement already satisfied: primePy>=1.3 in /home/jules/.pyenv/versions/3.12.13/lib/python3.12/site-packages (from torch-pitch-shift>=1.2.2->torch-audiomentations>=0.12.0->pyannote-audio>=4.0.0->whisperx->-r requirements.txt (line 8)) (1.3)
Requirement already satisfied: MarkupSafe>=2.0 in /home/jules/.pyenv/versions/3.12.13/lib/python3.12/site-packages (from jinja2->torch->-r requirements.txt (line 9)) (3.0.3)
Collecting JPype1>=0.7.0 (from konlpy->g2pk->-r requirements.txt (line 5))
  Downloading jpype1-1.6.0-cp312-cp312-manylinux2014_x86_64.manylinux_2_17_x86_64.whl.metadata (5.0 kB)
Collecting lxml>=4.1.0 (from konlpy->g2pk->-r requirements.txt (line 5))
  Downloading lxml-6.0.2-cp312-cp312-manylinux_2_26_x86_64.manylinux_2_28_x86_64.whl.metadata (3.6 kB)
Collecting python-mecab-ko-dic (from python-mecab-ko->g2pk->-r requirements.txt (line 5))
  Downloading python_mecab_ko_dic-2.1.1.post2-py3-none-any.whl.metadata (1.4 kB)
Downloading librosa-0.11.0-py3-none-any.whl (260 kB)
Downloading praat_parselmouth-0.4.7-cp312-cp312-manylinux2014_x86_64.manylinux_2_17_x86_64.whl (10.7 MB)
   ━━━━━━━━━━━━━━━━━━━━━━━━━━━━━━━━━━━━━━━━ 10.7/10.7 MB 32.2 MB/s  0:00:00
Downloading g2pK-0.9.4-py3-none-any.whl (27 kB)
Downloading pydub-0.25.1-py2.py3-none-any.whl (32 kB)
Downloading audioread-3.1.0-py3-none-any.whl (23 kB)
Downloading decorator-5.2.1-py3-none-any.whl (9.2 kB)
Downloading lazy_loader-0.5-py3-none-any.whl (8.0 kB)
Using cached msgpack-1.1.2-cp312-cp312-manylinux2014_x86_64.manylinux_2_17_x86_64.manylinux_2_28_x86_64.whl (427 kB)
Downloading numba-0.65.0-cp312-cp312-manylinux2014_x86_64.manylinux_2_17_x86_64.whl (3.8 MB)
   ━━━━━━━━━━━━━━━━━━━━━━━━━━━━━━━━━━━━━━━━ 3.8/3.8 MB 44.0 MB/s  0:00:00
Downloading llvmlite-0.47.0-cp312-cp312-manylinux2014_x86_64.manylinux_2_17_x86_64.whl (56.3 MB)
   ━━━━━━━━━━━━━━━━━━━━━━━━━━━━━━━━━━━━━━━━ 56.3/56.3 MB 22.2 MB/s  0:00:02
Downloading pooch-1.9.0-py3-none-any.whl (67 kB)
Using cached platformdirs-4.9.4-py3-none-any.whl (21 kB)
Downloading soundfile-0.13.1-py2.py3-none-manylinux_2_28_x86_64.whl (1.3 MB)
   ━━━━━━━━━━━━━━━━━━━━━━━━━━━━━━━━━━━━━━━━ 1.3/1.3 MB 38.7 MB/s  0:00:00
Using cached cffi-2.0.0-cp312-cp312-manylinux2014_x86_64.manylinux_2_17_x86_64.whl (219 kB)
Downloading soxr-1.0.0-cp312-abi3-manylinux_2_27_x86_64.manylinux_2_28_x86_64.whl (238 kB)
Downloading jamo-0.4.1-py3-none-any.whl (9.5 kB)
Downloading konlpy-0.6.0-py2.py3-none-any.whl (19.4 MB)
   ━━━━━━━━━━━━━━━━━━━━━━━━━━━━━━━━━━━━━━━━ 19.4/19.4 MB 74.6 MB/s  0:00:00
Downloading jpype1-1.6.0-cp312-cp312-manylinux2014_x86_64.manylinux_2_17_x86_64.whl (495 kB)
Downloading lxml-6.0.2-cp312-cp312-manylinux_2_26_x86_64.manylinux_2_28_x86_64.whl (5.3 MB)
   ━━━━━━━━━━━━━━━━━━━━━━━━━━━━━━━━━━━━━━━━ 5.3/5.3 MB 92.6 MB/s  0:00:00
Using cached pycparser-3.0-py3-none-any.whl (48 kB)
Downloading python_mecab_ko-1.3.7-cp312-cp312-manylinux_2_17_x86_64.manylinux2014_x86_64.whl (579 kB)
   ━━━━━━━━━━━━━━━━━━━━━━━━━━━━━━━━━━━━━━━━ 579.6/579.6 kB 37.6 MB/s  0:00:00
Downloading python_mecab_ko_dic-2.1.1.post2-py3-none-any.whl (34.5 MB)
   ━━━━━━━━━━━━━━━━━━━━━━━━━━━━━━━━━━━━━━━━ 34.5/34.5 MB 17.2 MB/s  0:00:01
Installing collected packages: python-mecab-ko-dic, pydub, jamo, soxr, python-mecab-ko, pycparser, praat-parselmouth, platformdirs, msgpack, lxml, llvmlite, lazy_loader, JPype1, decorator, audioread, pooch, numba, konlpy, cffi, soundfile, g2pk, librosa

Successfully installed JPype1-1.6.0 audioread-3.1.0 cffi-2.0.0 decorator-5.2.1 g2pk-0.9.4 jamo-0.4.1 konlpy-0.6.0 lazy_loader-0.5 librosa-0.11.0 llvmlite-0.47.0 lxml-6.0.2 msgpack-1.1.2 numba-0.65.0 platformdirs-4.9.4 pooch-1.9.0 praat-parselmouth-0.4.7 pycparser-3.0 pydub-0.25.1 python-mecab-ko-1.3.7 python-mecab-ko-dic-2.1.1.post2 soundfile-0.13.1 soxr-1.0.0
