Collecting whisperx
  Using cached whisperx-3.8.5-py3-none-any.whl.metadata (16 kB)
Requirement already satisfied: ctranslate2>=4.5.0 in /home/jules/.pyenv/versions/3.12.13/lib/python3.12/site-packages (from whisperx) (4.7.1)
Collecting faster-whisper>=1.2.0 (from whisperx)
  Using cached faster_whisper-1.2.1-py3-none-any.whl.metadata (16 kB)
Requirement already satisfied: nltk>=3.9.1 in /home/jules/.pyenv/versions/3.12.13/lib/python3.12/site-packages (from whisperx) (3.9.4)
Requirement already satisfied: numpy>=2.1.0 in /home/jules/.pyenv/versions/3.12.13/lib/python3.12/site-packages (from whisperx) (2.4.4)
Requirement already satisfied: omegaconf>=2.3.0 in /home/jules/.pyenv/versions/3.12.13/lib/python3.12/site-packages (from whisperx) (2.3.0)
Requirement already satisfied: pandas>=2.2.3 in /home/jules/.pyenv/versions/3.12.13/lib/python3.12/site-packages (from whisperx) (3.0.2)
Collecting pyannote-audio>=4.0.0 (from whisperx)
  Using cached pyannote_audio-4.0.4-py3-none-any.whl.metadata (13 kB)
Requirement already satisfied: huggingface-hub<1.0.0 in /home/jules/.pyenv/versions/3.12.13/lib/python3.12/site-packages (from whisperx) (0.36.2)
Requirement already satisfied: torch~=2.8.0 in /home/jules/.pyenv/versions/3.12.13/lib/python3.12/site-packages (from whisperx) (2.8.0)
Collecting torchaudio~=2.8.0 (from whisperx)
  Using cached torchaudio-2.8.0-cp312-cp312-manylinux_2_28_x86_64.whl.metadata (7.2 kB)
Collecting torchvision~=0.23.0 (from whisperx)
  Using cached torchvision-0.23.0-cp312-cp312-manylinux_2_28_x86_64.whl.metadata (6.1 kB)
Requirement already satisfied: torchcodec<0.8.0,>=0.6.0 in /home/jules/.pyenv/versions/3.12.13/lib/python3.12/site-packages (from whisperx) (0.7.0)
Requirement already satisfied: transformers>=4.48.0 in /home/jules/.pyenv/versions/3.12.13/lib/python3.12/site-packages (from whisperx) (4.57.6)
Requirement already satisfied: triton>=3.3.0 in /home/jules/.pyenv/versions/3.12.13/lib/python3.12/site-packages (from whisperx) (3.4.0)
Requirement already satisfied: filelock in /home/jules/.pyenv/versions/3.12.13/lib/python3.12/site-packages (from huggingface-hub<1.0.0->whisperx) (3.25.2)
Requirement already satisfied: fsspec>=2023.5.0 in /home/jules/.pyenv/versions/3.12.13/lib/python3.12/site-packages (from huggingface-hub<1.0.0->whisperx) (2026.3.0)
Requirement already satisfied: hf-xet<2.0.0,>=1.1.3 in /home/jules/.pyenv/versions/3.12.13/lib/python3.12/site-packages (from huggingface-hub<1.0.0->whisperx) (1.4.3)
Requirement already satisfied: packaging>=20.9 in /home/jules/.pyenv/versions/3.12.13/lib/python3.12/site-packages (from huggingface-hub<1.0.0->whisperx) (26.0)
Requirement already satisfied: pyyaml>=5.1 in /home/jules/.pyenv/versions/3.12.13/lib/python3.12/site-packages (from huggingface-hub<1.0.0->whisperx) (6.0.3)
Requirement already satisfied: requests in /home/jules/.pyenv/versions/3.12.13/lib/python3.12/site-packages (from huggingface-hub<1.0.0->whisperx) (2.33.1)
Requirement already satisfied: tqdm>=4.42.1 in /home/jules/.pyenv/versions/3.12.13/lib/python3.12/site-packages (from huggingface-hub<1.0.0->whisperx) (4.67.3)
Requirement already satisfied: typing-extensions>=3.7.4.3 in /home/jules/.pyenv/versions/3.12.13/lib/python3.12/site-packages (from huggingface-hub<1.0.0->whisperx) (4.15.0)
Requirement already satisfied: setuptools in /home/jules/.pyenv/versions/3.12.13/lib/python3.12/site-packages (from torch~=2.8.0->whisperx) (82.0.1)
Requirement already satisfied: sympy>=1.13.3 in /home/jules/.pyenv/versions/3.12.13/lib/python3.12/site-packages (from torch~=2.8.0->whisperx) (1.14.0)
Requirement already satisfied: networkx in /home/jules/.pyenv/versions/3.12.13/lib/python3.12/site-packages (from torch~=2.8.0->whisperx) (3.6.1)
Requirement already satisfied: jinja2 in /home/jules/.pyenv/versions/3.12.13/lib/python3.12/site-packages (from torch~=2.8.0->whisperx) (3.1.6)
Requirement already satisfied: nvidia-cuda-nvrtc-cu12==12.8.93 in /home/jules/.pyenv/versions/3.12.13/lib/python3.12/site-packages (from torch~=2.8.0->whisperx) (12.8.93)
Requirement already satisfied: nvidia-cuda-runtime-cu12==12.8.90 in /home/jules/.pyenv/versions/3.12.13/lib/python3.12/site-packages (from torch~=2.8.0->whisperx) (12.8.90)
Requirement already satisfied: nvidia-cuda-cupti-cu12==12.8.90 in /home/jules/.pyenv/versions/3.12.13/lib/python3.12/site-packages (from torch~=2.8.0->whisperx) (12.8.90)
Requirement already satisfied: nvidia-cudnn-cu12==9.10.2.21 in /home/jules/.pyenv/versions/3.12.13/lib/python3.12/site-packages (from torch~=2.8.0->whisperx) (9.10.2.21)
Requirement already satisfied: nvidia-cublas-cu12==12.8.4.1 in /home/jules/.pyenv/versions/3.12.13/lib/python3.12/site-packages (from torch~=2.8.0->whisperx) (12.8.4.1)
Requirement already satisfied: nvidia-cufft-cu12==11.3.3.83 in /home/jules/.pyenv/versions/3.12.13/lib/python3.12/site-packages (from torch~=2.8.0->whisperx) (11.3.3.83)
Requirement already satisfied: nvidia-curand-cu12==10.3.9.90 in /home/jules/.pyenv/versions/3.12.13/lib/python3.12/site-packages (from torch~=2.8.0->whisperx) (10.3.9.90)
Requirement already satisfied: nvidia-cusolver-cu12==11.7.3.90 in /home/jules/.pyenv/versions/3.12.13/lib/python3.12/site-packages (from torch~=2.8.0->whisperx) (11.7.3.90)
Requirement already satisfied: nvidia-cusparse-cu12==12.5.8.93 in /home/jules/.pyenv/versions/3.12.13/lib/python3.12/site-packages (from torch~=2.8.0->whisperx) (12.5.8.93)
Requirement already satisfied: nvidia-cusparselt-cu12==0.7.1 in /home/jules/.pyenv/versions/3.12.13/lib/python3.12/site-packages (from torch~=2.8.0->whisperx) (0.7.1)
Requirement already satisfied: nvidia-nccl-cu12==2.27.3 in /home/jules/.pyenv/versions/3.12.13/lib/python3.12/site-packages (from torch~=2.8.0->whisperx) (2.27.3)
Requirement already satisfied: nvidia-nvtx-cu12==12.8.90 in /home/jules/.pyenv/versions/3.12.13/lib/python3.12/site-packages (from torch~=2.8.0->whisperx) (12.8.90)
Requirement already satisfied: nvidia-nvjitlink-cu12==12.8.93 in /home/jules/.pyenv/versions/3.12.13/lib/python3.12/site-packages (from torch~=2.8.0->whisperx) (12.8.93)
Requirement already satisfied: nvidia-cufile-cu12==1.13.1.3 in /home/jules/.pyenv/versions/3.12.13/lib/python3.12/site-packages (from torch~=2.8.0->whisperx) (1.13.1.3)
Requirement already satisfied: pillow!=8.3.*,>=5.3.0 in /home/jules/.pyenv/versions/3.12.13/lib/python3.12/site-packages (from torchvision~=0.23.0->whisperx) (12.2.0)
Requirement already satisfied: tokenizers<1,>=0.13 in /home/jules/.pyenv/versions/3.12.13/lib/python3.12/site-packages (from faster-whisper>=1.2.0->whisperx) (0.22.2)
Requirement already satisfied: onnxruntime<2,>=1.14 in /home/jules/.pyenv/versions/3.12.13/lib/python3.12/site-packages (from faster-whisper>=1.2.0->whisperx) (1.24.4)
Requirement already satisfied: av>=11 in /home/jules/.pyenv/versions/3.12.13/lib/python3.12/site-packages (from faster-whisper>=1.2.0->whisperx) (17.0.0)
Requirement already satisfied: flatbuffers in /home/jules/.pyenv/versions/3.12.13/lib/python3.12/site-packages (from onnxruntime<2,>=1.14->faster-whisper>=1.2.0->whisperx) (25.12.19)
Requirement already satisfied: protobuf in /home/jules/.pyenv/versions/3.12.13/lib/python3.12/site-packages (from onnxruntime<2,>=1.14->faster-whisper>=1.2.0->whisperx) (6.33.6)
Requirement already satisfied: click in /home/jules/.pyenv/versions/3.12.13/lib/python3.12/site-packages (from nltk>=3.9.1->whisperx) (8.3.1)
Requirement already satisfied: joblib in /home/jules/.pyenv/versions/3.12.13/lib/python3.12/site-packages (from nltk>=3.9.1->whisperx) (1.5.3)
Requirement already satisfied: regex>=2021.8.3 in /home/jules/.pyenv/versions/3.12.13/lib/python3.12/site-packages (from nltk>=3.9.1->whisperx) (2026.3.32)
Requirement already satisfied: antlr4-python3-runtime==4.9.* in /home/jules/.pyenv/versions/3.12.13/lib/python3.12/site-packages (from omegaconf>=2.3.0->whisperx) (4.9.3)
Requirement already satisfied: python-dateutil>=2.8.2 in /home/jules/.pyenv/versions/3.12.13/lib/python3.12/site-packages (from pandas>=2.2.3->whisperx) (2.9.0.post0)
Collecting asteroid-filterbanks>=0.4.0 (from pyannote-audio>=4.0.0->whisperx)
  Using cached asteroid_filterbanks-0.4.0-py3-none-any.whl.metadata (3.3 kB)
Requirement already satisfied: einops>=0.8.1 in /home/jules/.pyenv/versions/3.12.13/lib/python3.12/site-packages (from pyannote-audio>=4.0.0->whisperx) (0.8.2)
Collecting lightning>=2.4 (from pyannote-audio>=4.0.0->whisperx)
  Using cached lightning-2.6.1-py3-none-any.whl.metadata (44 kB)
Requirement already satisfied: matplotlib>=3.10.0 in /home/jules/.pyenv/versions/3.12.13/lib/python3.12/site-packages (from pyannote-audio>=4.0.0->whisperx) (3.10.8)
Requirement already satisfied: opentelemetry-api>=1.34.0 in /home/jules/.pyenv/versions/3.12.13/lib/python3.12/site-packages (from pyannote-audio>=4.0.0->whisperx) (1.40.0)
Collecting opentelemetry-exporter-otlp>=1.34.0 (from pyannote-audio>=4.0.0->whisperx)
  Using cached opentelemetry_exporter_otlp-1.40.0-py3-none-any.whl.metadata (2.4 kB)
Collecting opentelemetry-sdk>=1.34.0 (from pyannote-audio>=4.0.0->whisperx)
  Using cached opentelemetry_sdk-1.40.0-py3-none-any.whl.metadata (1.6 kB)
Requirement already satisfied: pyannote-core>=6.0.1 in /home/jules/.pyenv/versions/3.12.13/lib/python3.12/site-packages (from pyannote-audio>=4.0.0->whisperx) (6.0.1)
Collecting pyannote-database>=6.1.1 (from pyannote-audio>=4.0.0->whisperx)
  Using cached pyannote_database-6.1.1-py3-none-any.whl.metadata (30 kB)
Collecting pyannote-metrics>=4.0.0 (from pyannote-audio>=4.0.0->whisperx)
  Using cached pyannote_metrics-4.0.0-py3-none-any.whl.metadata (2.2 kB)
Collecting pyannote-pipeline>=4.0.0 (from pyannote-audio>=4.0.0->whisperx)
  Using cached pyannote_pipeline-4.0.0-py3-none-any.whl.metadata (5.4 kB)
Requirement already satisfied: pyannoteai-sdk>=0.3.0 in /home/jules/.pyenv/versions/3.12.13/lib/python3.12/site-packages (from pyannote-audio>=4.0.0->whisperx) (0.4.0)
Collecting pytorch-metric-learning>=2.8.1 (from pyannote-audio>=4.0.0->whisperx)
  Using cached pytorch_metric_learning-2.9.0-py3-none-any.whl.metadata (18 kB)
Requirement already satisfied: rich>=13.9.4 in /home/jules/.pyenv/versions/3.12.13/lib/python3.12/site-packages (from pyannote-audio>=4.0.0->whisperx) (14.3.3)
Requirement already satisfied: safetensors>=0.5.2 in /home/jules/.pyenv/versions/3.12.13/lib/python3.12/site-packages (from pyannote-audio>=4.0.0->whisperx) (0.7.0)
Collecting torch-audiomentations>=0.12.0 (from pyannote-audio>=4.0.0->whisperx)
  Using cached torch_audiomentations-0.12.0-py3-none-any.whl.metadata (15 kB)
Collecting torchmetrics>=1.6.1 (from pyannote-audio>=4.0.0->whisperx)
  Using cached torchmetrics-1.9.0-py3-none-any.whl.metadata (23 kB)
Requirement already satisfied: lightning-utilities<2.0,>=0.10.0 in /home/jules/.pyenv/versions/3.12.13/lib/python3.12/site-packages (from lightning>=2.4->pyannote-audio>=4.0.0->whisperx) (0.15.3)
Collecting pytorch-lightning (from lightning>=2.4->pyannote-audio>=4.0.0->whisperx)
  Using cached pytorch_lightning-2.6.1-py3-none-any.whl.metadata (21 kB)
Requirement already satisfied: aiohttp!=4.0.0a0,!=4.0.0a1 in /home/jules/.pyenv/versions/3.12.13/lib/python3.12/site-packages (from fsspec[http]<2028.0,>=2022.5.0->lightning>=2.4->pyannote-audio>=4.0.0->whisperx) (3.13.5)
Requirement already satisfied: aiohappyeyeballs>=2.5.0 in /home/jules/.pyenv/versions/3.12.13/lib/python3.12/site-packages (from aiohttp!=4.0.0a0,!=4.0.0a1->fsspec[http]<2028.0,>=2022.5.0->lightning>=2.4->pyannote-audio>=4.0.0->whisperx) (2.6.1)
Requirement already satisfied: aiosignal>=1.4.0 in /home/jules/.pyenv/versions/3.12.13/lib/python3.12/site-packages (from aiohttp!=4.0.0a0,!=4.0.0a1->fsspec[http]<2028.0,>=2022.5.0->lightning>=2.4->pyannote-audio>=4.0.0->whisperx) (1.4.0)
Requirement already satisfied: attrs>=17.3.0 in /home/jules/.pyenv/versions/3.12.13/lib/python3.12/site-packages (from aiohttp!=4.0.0a0,!=4.0.0a1->fsspec[http]<2028.0,>=2022.5.0->lightning>=2.4->pyannote-audio>=4.0.0->whisperx) (26.1.0)
Requirement already satisfied: frozenlist>=1.1.1 in /home/jules/.pyenv/versions/3.12.13/lib/python3.12/site-packages (from aiohttp!=4.0.0a0,!=4.0.0a1->fsspec[http]<2028.0,>=2022.5.0->lightning>=2.4->pyannote-audio>=4.0.0->whisperx) (1.8.0)
Requirement already satisfied: multidict<7.0,>=4.5 in /home/jules/.pyenv/versions/3.12.13/lib/python3.12/site-packages (from aiohttp!=4.0.0a0,!=4.0.0a1->fsspec[http]<2028.0,>=2022.5.0->lightning>=2.4->pyannote-audio>=4.0.0->whisperx) (6.7.1)
Requirement already satisfied: propcache>=0.2.0 in /home/jules/.pyenv/versions/3.12.13/lib/python3.12/site-packages (from aiohttp!=4.0.0a0,!=4.0.0a1->fsspec[http]<2028.0,>=2022.5.0->lightning>=2.4->pyannote-audio>=4.0.0->whisperx) (0.4.1)
Requirement already satisfied: yarl<2.0,>=1.17.0 in /home/jules/.pyenv/versions/3.12.13/lib/python3.12/site-packages (from aiohttp!=4.0.0a0,!=4.0.0a1->fsspec[http]<2028.0,>=2022.5.0->lightning>=2.4->pyannote-audio>=4.0.0->whisperx) (1.23.0)
Requirement already satisfied: idna>=2.0 in /home/jules/.pyenv/versions/3.12.13/lib/python3.12/site-packages (from yarl<2.0,>=1.17.0->aiohttp!=4.0.0a0,!=4.0.0a1->fsspec[http]<2028.0,>=2022.5.0->lightning>=2.4->pyannote-audio>=4.0.0->whisperx) (3.11)
Requirement already satisfied: contourpy>=1.0.1 in /home/jules/.pyenv/versions/3.12.13/lib/python3.12/site-packages (from matplotlib>=3.10.0->pyannote-audio>=4.0.0->whisperx) (1.3.3)
Requirement already satisfied: cycler>=0.10 in /home/jules/.pyenv/versions/3.12.13/lib/python3.12/site-packages (from matplotlib>=3.10.0->pyannote-audio>=4.0.0->whisperx) (0.12.1)
Requirement already satisfied: fonttools>=4.22.0 in /home/jules/.pyenv/versions/3.12.13/lib/python3.12/site-packages (from matplotlib>=3.10.0->pyannote-audio>=4.0.0->whisperx) (4.62.1)
Requirement already satisfied: kiwisolver>=1.3.1 in /home/jules/.pyenv/versions/3.12.13/lib/python3.12/site-packages (from matplotlib>=3.10.0->pyannote-audio>=4.0.0->whisperx) (1.5.0)
Requirement already satisfied: pyparsing>=3 in /home/jules/.pyenv/versions/3.12.13/lib/python3.12/site-packages (from matplotlib>=3.10.0->pyannote-audio>=4.0.0->whisperx) (3.3.2)
Requirement already satisfied: importlib-metadata<8.8.0,>=6.0 in /home/jules/.pyenv/versions/3.12.13/lib/python3.12/site-packages (from opentelemetry-api>=1.34.0->pyannote-audio>=4.0.0->whisperx) (8.7.1)
Requirement already satisfied: zipp>=3.20 in /home/jules/.pyenv/versions/3.12.13/lib/python3.12/site-packages (from importlib-metadata<8.8.0,>=6.0->opentelemetry-api>=1.34.0->pyannote-audio>=4.0.0->whisperx) (3.23.0)
Collecting opentelemetry-exporter-otlp-proto-grpc==1.40.0 (from opentelemetry-exporter-otlp>=1.34.0->pyannote-audio>=4.0.0->whisperx)
  Using cached opentelemetry_exporter_otlp_proto_grpc-1.40.0-py3-none-any.whl.metadata (2.6 kB)
Collecting opentelemetry-exporter-otlp-proto-http==1.40.0 (from opentelemetry-exporter-otlp>=1.34.0->pyannote-audio>=4.0.0->whisperx)
  Using cached opentelemetry_exporter_otlp_proto_http-1.40.0-py3-none-any.whl.metadata (2.5 kB)
Requirement already satisfied: googleapis-common-protos~=1.57 in /home/jules/.pyenv/versions/3.12.13/lib/python3.12/site-packages (from opentelemetry-exporter-otlp-proto-grpc==1.40.0->opentelemetry-exporter-otlp>=1.34.0->pyannote-audio>=4.0.0->whisperx) (1.73.1)
Requirement already satisfied: grpcio<2.0.0,>=1.63.2 in /home/jules/.pyenv/versions/3.12.13/lib/python3.12/site-packages (from opentelemetry-exporter-otlp-proto-grpc==1.40.0->opentelemetry-exporter-otlp>=1.34.0->pyannote-audio>=4.0.0->whisperx) (1.80.0)
Requirement already satisfied: opentelemetry-exporter-otlp-proto-common==1.40.0 in /home/jules/.pyenv/versions/3.12.13/lib/python3.12/site-packages (from opentelemetry-exporter-otlp-proto-grpc==1.40.0->opentelemetry-exporter-otlp>=1.34.0->pyannote-audio>=4.0.0->whisperx) (1.40.0)
Requirement already satisfied: opentelemetry-proto==1.40.0 in /home/jules/.pyenv/versions/3.12.13/lib/python3.12/site-packages (from opentelemetry-exporter-otlp-proto-grpc==1.40.0->opentelemetry-exporter-otlp>=1.34.0->pyannote-audio>=4.0.0->whisperx) (1.40.0)
Requirement already satisfied: opentelemetry-semantic-conventions==0.61b0 in /home/jules/.pyenv/versions/3.12.13/lib/python3.12/site-packages (from opentelemetry-sdk>=1.34.0->pyannote-audio>=4.0.0->whisperx) (0.61b0)
Requirement already satisfied: charset_normalizer<4,>=2 in /home/jules/.pyenv/versions/3.12.13/lib/python3.12/site-packages (from requests->huggingface-hub<1.0.0->whisperx) (3.4.6)
Requirement already satisfied: urllib3<3,>=1.26 in /home/jules/.pyenv/versions/3.12.13/lib/python3.12/site-packages (from requests->huggingface-hub<1.0.0->whisperx) (2.6.3)
Requirement already satisfied: certifi>=2023.5.7 in /home/jules/.pyenv/versions/3.12.13/lib/python3.12/site-packages (from requests->huggingface-hub<1.0.0->whisperx) (2026.2.25)
Requirement already satisfied: sortedcontainers>=2.4.0 in /home/jules/.pyenv/versions/3.12.13/lib/python3.12/site-packages (from pyannote-core>=6.0.1->pyannote-audio>=4.0.0->whisperx) (2.4.0)
Requirement already satisfied: scikit-learn>=1.6.1 in /home/jules/.pyenv/versions/3.12.13/lib/python3.12/site-packages (from pyannote-metrics>=4.0.0->pyannote-audio>=4.0.0->whisperx) (1.8.0)
Requirement already satisfied: scipy>=1.15.1 in /home/jules/.pyenv/versions/3.12.13/lib/python3.12/site-packages (from pyannote-metrics>=4.0.0->pyannote-audio>=4.0.0->whisperx) (1.17.1)
Requirement already satisfied: optuna>=4.2.0 in /home/jules/.pyenv/versions/3.12.13/lib/python3.12/site-packages (from pyannote-pipeline>=4.0.0->pyannote-audio>=4.0.0->whisperx) (4.8.0)
Requirement already satisfied: alembic>=1.5.0 in /home/jules/.pyenv/versions/3.12.13/lib/python3.12/site-packages (from optuna>=4.2.0->pyannote-pipeline>=4.0.0->pyannote-audio>=4.0.0->whisperx) (1.18.4)
Requirement already satisfied: colorlog in /home/jules/.pyenv/versions/3.12.13/lib/python3.12/site-packages (from optuna>=4.2.0->pyannote-pipeline>=4.0.0->pyannote-audio>=4.0.0->whisperx) (6.10.1)
Requirement already satisfied: sqlalchemy>=1.4.2 in /home/jules/.pyenv/versions/3.12.13/lib/python3.12/site-packages (from optuna>=4.2.0->pyannote-pipeline>=4.0.0->pyannote-audio>=4.0.0->whisperx) (2.0.48)
Requirement already satisfied: Mako in /home/jules/.pyenv/versions/3.12.13/lib/python3.12/site-packages (from alembic>=1.5.0->optuna>=4.2.0->pyannote-pipeline>=4.0.0->pyannote-audio>=4.0.0->whisperx) (1.3.10)
Requirement already satisfied: six>=1.5 in /home/jules/.pyenv/versions/3.12.13/lib/python3.12/site-packages (from python-dateutil>=2.8.2->pandas>=2.2.3->whisperx) (1.17.0)
Requirement already satisfied: markdown-it-py>=2.2.0 in /home/jules/.pyenv/versions/3.12.13/lib/python3.12/site-packages (from rich>=13.9.4->pyannote-audio>=4.0.0->whisperx) (4.0.0)
Requirement already satisfied: pygments<3.0.0,>=2.13.0 in /home/jules/.pyenv/versions/3.12.13/lib/python3.12/site-packages (from rich>=13.9.4->pyannote-audio>=4.0.0->whisperx) (2.20.0)
Requirement already satisfied: mdurl~=0.1 in /home/jules/.pyenv/versions/3.12.13/lib/python3.12/site-packages (from markdown-it-py>=2.2.0->rich>=13.9.4->pyannote-audio>=4.0.0->whisperx) (0.1.2)
Requirement already satisfied: threadpoolctl>=3.2.0 in /home/jules/.pyenv/versions/3.12.13/lib/python3.12/site-packages (from scikit-learn>=1.6.1->pyannote-metrics>=4.0.0->pyannote-audio>=4.0.0->whisperx) (3.6.0)
Requirement already satisfied: greenlet>=1 in /home/jules/.pyenv/versions/3.12.13/lib/python3.12/site-packages (from sqlalchemy>=1.4.2->optuna>=4.2.0->pyannote-pipeline>=4.0.0->pyannote-audio>=4.0.0->whisperx) (3.3.2)
Requirement already satisfied: mpmath<1.4,>=1.1.0 in /home/jules/.pyenv/versions/3.12.13/lib/python3.12/site-packages (from sympy>=1.13.3->torch~=2.8.0->whisperx) (1.3.0)
Collecting julius<0.3,>=0.2.3 (from torch-audiomentations>=0.12.0->pyannote-audio>=4.0.0->whisperx)
  Using cached julius-0.2.7-py3-none-any.whl
Collecting torch-pitch-shift>=1.2.2 (from torch-audiomentations>=0.12.0->pyannote-audio>=4.0.0->whisperx)
  Using cached torch_pitch_shift-1.2.5-py3-none-any.whl.metadata (2.5 kB)
Requirement already satisfied: primePy>=1.3 in /home/jules/.pyenv/versions/3.12.13/lib/python3.12/site-packages (from torch-pitch-shift>=1.2.2->torch-audiomentations>=0.12.0->pyannote-audio>=4.0.0->whisperx) (1.3)
Requirement already satisfied: MarkupSafe>=2.0 in /home/jules/.pyenv/versions/3.12.13/lib/python3.12/site-packages (from jinja2->torch~=2.8.0->whisperx) (3.0.3)
Using cached whisperx-3.8.5-py3-none-any.whl (16.5 MB)
Using cached torchaudio-2.8.0-cp312-cp312-manylinux_2_28_x86_64.whl (4.0 MB)
Using cached torchvision-0.23.0-cp312-cp312-manylinux_2_28_x86_64.whl (8.6 MB)
Using cached faster_whisper-1.2.1-py3-none-any.whl (1.1 MB)
Using cached pyannote_audio-4.0.4-py3-none-any.whl (893 kB)
Using cached asteroid_filterbanks-0.4.0-py3-none-any.whl (29 kB)
Using cached lightning-2.6.1-py3-none-any.whl (853 kB)
Using cached torchmetrics-1.9.0-py3-none-any.whl (983 kB)
Using cached opentelemetry_exporter_otlp-1.40.0-py3-none-any.whl (7.0 kB)
Using cached opentelemetry_exporter_otlp_proto_grpc-1.40.0-py3-none-any.whl (20 kB)
Using cached opentelemetry_exporter_otlp_proto_http-1.40.0-py3-none-any.whl (19 kB)
Using cached opentelemetry_sdk-1.40.0-py3-none-any.whl (141 kB)
Using cached pyannote_database-6.1.1-py3-none-any.whl (53 kB)
Using cached pyannote_metrics-4.0.0-py3-none-any.whl (49 kB)
Using cached pyannote_pipeline-4.0.0-py3-none-any.whl (22 kB)
Using cached pytorch_metric_learning-2.9.0-py3-none-any.whl (127 kB)
Using cached torch_audiomentations-0.12.0-py3-none-any.whl (48 kB)
Using cached torch_pitch_shift-1.2.5-py3-none-any.whl (5.0 kB)
Using cached pytorch_lightning-2.6.1-py3-none-any.whl (857 kB)
Installing collected packages: torchvision, torchmetrics, torchaudio, pytorch-metric-learning, pyannote-database, opentelemetry-sdk, julius, faster-whisper, asteroid-filterbanks, torch-pitch-shift, pytorch-lightning, pyannote-pipeline, pyannote-metrics, opentelemetry-exporter-otlp-proto-http, opentelemetry-exporter-otlp-proto-grpc, torch-audiomentations, opentelemetry-exporter-otlp, lightning, pyannote-audio, whisperx

Successfully installed asteroid-filterbanks-0.4.0 faster-whisper-1.2.1 julius-0.2.7 lightning-2.6.1 opentelemetry-exporter-otlp-1.40.0 opentelemetry-exporter-otlp-proto-grpc-1.40.0 opentelemetry-exporter-otlp-proto-http-1.40.0 opentelemetry-sdk-1.40.0 pyannote-audio-4.0.4 pyannote-database-6.1.1 pyannote-metrics-4.0.0 pyannote-pipeline-4.0.0 pytorch-lightning-2.6.1 pytorch-metric-learning-2.9.0 torch-audiomentations-0.12.0 torch-pitch-shift-1.2.5 torchaudio-2.8.0 torchmetrics-1.9.0 torchvision-0.23.0 whisperx-3.8.5
